==== Task 1 OVR256 safe fine-tune started: Sat Jun 13 12:48:30 EEST 2026 ====
torch 2.11.0
mps_available True
cuda_available False
Using device: mps
Building training loader...
Building validation loader...
Model params: 15,928,707
Reset optimizer LR to 1.00e-05 after resume.
Resumed from /Users/salmaheshamsalem/Desktop/DEEP_LEARNING_PROJECT/OUTPUTS_ORGANIZED/outputs/task1_ovr256_safe_finetune/best_model.pth at epoch 2 (best Dice=0.8606)
Epoch 2: encoder frozen; training decoder heads only.

Epoch 2 Train:   0%|          | 0/35676 [00:00<?, ?it/s]
Epoch 2 Train:   0%|          | 1/35676 [00:01<15:57:57,  1.61s/it]
Epoch 2 Train:   0%|          | 2/35676 [00:01<8:11:07,  1.21it/s] 
Epoch 2 Train:   0%|          | 3/35676 [00:02<6:18:15,  1.57it/s]
Epoch 2 Train:   0%|          | 4/35676 [00:02<4:35:05,  2.16it/s]
Epoch 2 Train:   0%|          | 5/35676 [00:02<3:25:26,  2.89it/s]
Epoch 2 Train:   0%|          | 6/35676 [00:02<3:09:18,  3.14it/s]
Epoch 2 Train:   0%|          | 7/35676 [00:03<2:37:58,  3.76it/s]
Epoch 2 Train:   0%|          | 8/35676 [00:03<2:14:33,  4.42it/s]
Epoch 2 Train:   0%|          | 9/35676 [00:03<2:19:49,  4.25it/s]
Epoch 2 Train:   0%|          | 10/35676 [00:03<2:11:19,  4.53it/s]
Epoch 2 Train:   0%|          | 11/35676 [00:03<2:09:00,  4.61it/s]
Epoch 2 Train:   0%|          | 12/35676 [00:04<2:28:04,  4.01it/s]
Epoch 2 Train:   0%|          | 13/35676 [00:04<2:18:55,  4.28it/s]
Epoch 2 Train:   0%|          | 14/35676 [00:04<2:19:12,  4.27it/s]
Epoch 2 Train:   0%|          | 15/35676 [00:04<2:32:42,  3.89it/s]
Epoch 2 Train:   0%|          | 16/35676 [00:05<2:19:51,  4.25it/s]
Epoch 2 Train:   0%|          | 17/35676 [00:05<2:17:15,  4.33it/s]
Epoch 2 Train:   0%|          | 18/35676 [00:05<2:27:26,  4.03it/s]
Epoch 2 Train:   0%|          | 19/35676 [00:05<2:19:56,  4.25it/s]
Epoch 2 Train:   0%|          | 20/35676 [00:06<2:13:41,  4.45it/s]
Epoch 2 Train:   0%|          | 21/35676 [00:06<2:22:30,  4.17it/s]
Epoch 2 Train:   0%|          | 22/35676 [00:06<2:12:30,  4.48it/s]
Epoch 2 Train:   0%|          | 23/35676 [00:06<2:07:55,  4.65it/s]
Epoch 2 Train:   0%|          | 24/35676 [00:07<2:29:02,  3.99it/s]
Epoch 2 Train:   0%|          | 25/35676 [00:07<2:17:35,  4.32it/s]
Epoch 2 Train:   0%|          | 26/35676 [00:07<2:14:32,  4.42it/s]
Epoch 2 Train:   0%|          | 27/35676 [00:07<2:27:00,  4.04it/s]
Epoch 2 Train:   0%|          | 28/35676 [00:07<2:17:29,  4.32it/s]
Epoch 2 Train:   0%|          | 29/35676 [00:08<2:14:25,  4.42it/s]
Epoch 2 Train:   0%|          | 30/35676 [00:08<2:25:50,  4.07it/s]
Epoch 2 Train:   0%|          | 31/35676 [00:08<2:17:23,  4.32it/s]
Epoch 2 Train:   0%|          | 32/35676 [00:08<2:15:31,  4.38it/s]
Epoch 2 Train:   0%|          | 33/35676 [00:09<2:28:57,  3.99it/s]
Epoch 2 Train:   0%|          | 34/35676 [00:09<2:18:13,  4.30it/s]
Epoch 2 Train:   0%|          | 35/35676 [00:09<2:17:28,  4.32it/s]
Epoch 2 Train:   0%|          | 36/35676 [00:09<2:31:45,  3.91it/s]
Epoch 2 Train:   0%|          | 37/35676 [00:10<2:20:41,  4.22it/s]
Epoch 2 Train:   0%|          | 38/35676 [00:10<2:13:21,  4.45it/s]
Epoch 2 Train:   0%|          | 39/35676 [00:10<2:19:29,  4.26it/s]
Epoch 2 Train:   0%|          | 40/35676 [00:10<2:08:31,  4.62it/s]
Epoch 2 Train:   0%|          | 41/35676 [00:10<2:01:07,  4.90it/s]
Epoch 2 Train:   0%|          | 42/35676 [00:11<2:00:38,  4.92it/s]
Epoch 2 Train:   0%|          | 43/35676 [00:11<1:55:17,  5.15it/s]
Epoch 2 Train:   0%|          | 44/35676 [00:11<1:57:21,  5.06it/s]
Epoch 2 Train:   0%|          | 45/35676 [00:11<2:02:36,  4.84it/s]
Epoch 2 Train:   0%|          | 46/35676 [00:11<1:49:36,  5.42it/s]
Epoch 2 Train:   0%|          | 47/35676 [00:11<1:44:44,  5.67it/s]
Epoch 2 Train:   0%|          | 48/35676 [00:12<1:59:13,  4.98it/s]
Epoch 2 Train:   0%|          | 49/35676 [00:12<1:47:49,  5.51it/s]
Epoch 2 Train:   0%|          | 50/35676 [00:12<1:52:27,  5.28it/s]
Epoch 2 Train:   0%|          | 51/35676 [00:12<2:00:45,  4.92it/s]
Epoch 2 Train:   0%|          | 52/35676 [00:12<1:56:29,  5.10it/s]
Epoch 2 Train:   0%|          | 53/35676 [00:13<1:49:32,  5.42it/s]
Epoch 2 Train:   0%|          | 54/35676 [00:13<2:05:03,  4.75it/s]
Epoch 2 Train:   0%|          | 55/35676 [00:13<1:59:04,  4.99it/s]
Epoch 2 Train:   0%|          | 56/35676 [00:13<1:46:55,  5.55it/s]
Epoch 2 Train:   0%|          | 57/35676 [00:13<1:56:58,  5.08it/s]
Epoch 2 Train:   0%|          | 58/35676 [00:14<1:48:41,  5.46it/s]
Epoch 2 Train:   0%|          | 59/35676 [00:14<1:50:20,  5.38it/s]
Epoch 2 Train:   0%|          | 60/35676 [00:14<2:09:44,  4.58it/s]
Epoch 2 Train:   0%|          | 61/35676 [00:14<2:05:32,  4.73it/s]
Epoch 2 Train:   0%|          | 62/35676 [00:14<2:05:17,  4.74it/s]
Epoch 2 Train:   0%|          | 63/35676 [00:15<2:22:33,  4.16it/s]
Epoch 2 Train:   0%|          | 64/35676 [00:15<2:14:22,  4.42it/s]
Epoch 2 Train:   0%|          | 65/35676 [00:15<2:08:26,  4.62it/s]
Epoch 2 Train:   0%|          | 66/35676 [00:15<1:57:22,  5.06it/s]
Epoch 2 Train:   0%|          | 67/35676 [00:16<1:56:02,  5.11it/s]
Epoch 2 Train:   0%|          | 68/35676 [00:16<2:00:33,  4.92it/s]
Epoch 2 Train:   0%|          | 69/35676 [00:16<2:06:18,  4.70it/s]
Epoch 2 Train:   0%|          | 70/35676 [00:16<1:56:42,  5.08it/s]
Epoch 2 Train:   0%|          | 71/35676 [00:16<1:51:23,  5.33it/s]
Epoch 2 Train:   0%|          | 72/35676 [00:17<2:05:12,  4.74it/s]
Epoch 2 Train:   0%|          | 73/35676 [00:17<1:49:13,  5.43it/s]
Epoch 2 Train:   0%|          | 74/35676 [00:17<1:53:53,  5.21it/s]
Epoch 2 Train:   0%|          | 75/35676 [00:17<2:00:41,  4.92it/s]
Epoch 2 Train:   0%|          | 76/35676 [00:17<1:57:17,  5.06it/s]
Epoch 2 Train:   0%|          | 77/35676 [00:17<1:49:08,  5.44it/s]
Epoch 2 Train:   0%|          | 78/35676 [00:18<2:40:30,  3.70it/s]
Epoch 2 Train:   0%|          | 79/35676 [00:18<2:51:28,  3.46it/s]
Epoch 2 Train:   0%|          | 80/35676 [00:19<2:50:07,  3.49it/s]
Epoch 2 Train:   0%|          | 81/35676 [00:19<3:13:50,  3.06it/s]
Epoch 2 Train:   0%|          | 82/35676 [00:19<3:04:05,  3.22it/s]
Epoch 2 Train:   0%|          | 83/35676 [00:19<2:50:05,  3.49it/s]
Epoch 2 Train:   0%|          | 84/35676 [00:20<2:52:22,  3.44it/s]
Epoch 2 Train:   0%|          | 85/35676 [00:20<2:34:32,  3.84it/s]
Epoch 2 Train:   0%|          | 86/35676 [00:20<2:11:27,  4.51it/s]
Epoch 2 Train:   0%|          | 87/35676 [00:20<2:29:56,  3.96it/s]
Epoch 2 Train:   0%|          | 88/35676 [00:21<2:18:34,  4.28it/s]
Epoch 2 Train:   0%|          | 89/35676 [00:21<2:01:46,  4.87it/s]
Epoch 2 Train:   0%|          | 90/35676 [00:21<2:17:47,  4.30it/s]
Epoch 2 Train:   0%|          | 91/35676 [00:21<2:04:20,  4.77it/s]
Epoch 2 Train:   0%|          | 92/35676 [00:21<1:59:03,  4.98it/s]
Epoch 2 Train:   0%|          | 93/35676 [00:22<2:35:47,  3.81it/s]
Epoch 2 Train:   0%|          | 94/35676 [00:22<2:29:16,  3.97it/s]
Epoch 2 Train:   0%|          | 95/35676 [00:22<2:27:29,  4.02it/s]
Epoch 2 Train:   0%|          | 96/35676 [00:23<3:17:23,  3.00it/s]
Epoch 2 Train:   0%|          | 97/35676 [00:23<3:16:00,  3.03it/s]
Epoch 2 Train:   0%|          | 98/35676 [00:23<3:05:56,  3.19it/s]
Epoch 2 Train:   0%|          | 99/35676 [00:24<3:07:54,  3.16it/s]
Epoch 2 Train:   0%|          | 100/35676 [00:24<2:48:47,  3.51it/s]
Epoch 2 Train:   0%|          | 101/35676 [00:24<2:41:04,  3.68it/s]
Epoch 2 Train:   0%|          | 102/35676 [00:24<2:51:09,  3.46it/s]
Epoch 2 Train:   0%|          | 103/35676 [00:25<2:37:30,  3.76it/s]
Epoch 2 Train:   0%|          | 104/35676 [00:25<2:30:14,  3.95it/s]
Epoch 2 Train:   0%|          | 105/35676 [00:25<2:35:00,  3.82it/s]
Epoch 2 Train:   0%|          | 106/35676 [00:25<2:14:45,  4.40it/s]
Epoch 2 Train:   0%|          | 107/35676 [00:26<2:06:47,  4.68it/s]
Epoch 2 Train:   0%|          | 108/35676 [00:26<2:12:30,  4.47it/s]
Epoch 2 Train:   0%|          | 109/35676 [00:26<2:11:09,  4.52it/s]
Epoch 2 Train:   0%|          | 110/35676 [00:26<2:11:25,  4.51it/s]
Epoch 2 Train:   0%|          | 111/35676 [00:26<2:19:33,  4.25it/s]
Epoch 2 Train:   0%|          | 112/35676 [00:27<2:07:12,  4.66it/s]
Epoch 2 Train:   0%|          | 113/35676 [00:27<2:00:47,  4.91it/s]
Epoch 2 Train:   0%|          | 114/35676 [00:27<2:15:17,  4.38it/s]
Epoch 2 Train:   0%|          | 115/35676 [00:27<1:56:58,  5.07it/s]
Epoch 2 Train:   0%|          | 116/35676 [00:27<1:59:40,  4.95it/s]
Epoch 2 Train:   0%|          | 117/35676 [00:28<2:09:02,  4.59it/s]
Epoch 2 Train:   0%|          | 118/35676 [00:28<2:03:37,  4.79it/s]
Epoch 2 Train:   0%|          | 119/35676 [00:28<1:50:37,  5.36it/s]
Epoch 2 Train:   0%|          | 120/35676 [00:28<1:59:30,  4.96it/s]
Epoch 2 Train:   0%|          | 121/35676 [00:28<1:51:56,  5.29it/s]
Epoch 2 Train:   0%|          | 122/35676 [00:29<1:54:40,  5.17it/s]
Epoch 2 Train:   0%|          | 123/35676 [00:29<2:10:12,  4.55it/s]
Epoch 2 Train:   0%|          | 124/35676 [00:29<2:06:04,  4.70it/s]
Epoch 2 Train:   0%|          | 125/35676 [00:29<2:08:08,  4.62it/s]
Epoch 2 Train:   0%|          | 126/35676 [00:30<2:22:58,  4.14it/s]
Epoch 2 Train:   0%|          | 127/35676 [00:30<2:16:36,  4.34it/s]
Epoch 2 Train:   0%|          | 128/35676 [00:30<2:12:07,  4.48it/s]
Epoch 2 Train:   0%|          | 129/35676 [00:30<2:25:32,  4.07it/s]
Epoch 2 Train:   0%|          | 130/35676 [00:31<2:18:03,  4.29it/s]
Epoch 2 Train:   0%|          | 131/35676 [00:31<2:14:32,  4.40it/s]
Epoch 2 Train:   0%|          | 132/35676 [00:31<2:22:11,  4.17it/s]
Epoch 2 Train:   0%|          | 133/35676 [00:31<2:14:11,  4.41it/s]
Epoch 2 Train:   0%|          | 134/35676 [00:31<2:14:29,  4.40it/s]
Epoch 2 Train:   0%|          | 135/35676 [00:32<2:29:02,  3.97it/s]
Epoch 2 Train:   0%|          | 136/35676 [00:32<2:19:06,  4.26it/s]
Epoch 2 Train:   0%|          | 137/35676 [00:32<2:15:21,  4.38it/s]
Epoch 2 Train:   0%|          | 138/35676 [00:32<2:20:01,  4.23it/s]
Epoch 2 Train:   0%|          | 139/35676 [00:33<2:12:19,  4.48it/s]
Epoch 2 Train:   0%|          | 140/35676 [00:33<2:15:36,  4.37it/s]
Epoch 2 Train:   0%|          | 141/35676 [00:33<2:28:12,  4.00it/s]
Epoch 2 Train:   0%|          | 142/35676 [00:33<2:20:12,  4.22it/s]
Epoch 2 Train:   0%|          | 143/35676 [00:34<2:15:51,  4.36it/s]
Epoch 2 Train:   0%|          | 144/35676 [00:34<2:25:08,  4.08it/s]
Epoch 2 Train:   0%|          | 145/35676 [00:34<2:17:56,  4.29it/s]
Epoch 2 Train:   0%|          | 146/35676 [00:34<2:12:07,  4.48it/s]
Epoch 2 Train:   0%|          | 147/35676 [00:35<2:14:49,  4.39it/s]
Epoch 2 Train:   0%|          | 148/35676 [00:35<2:00:04,  4.93it/s]
Epoch 2 Train:   0%|          | 149/35676 [00:35<1:58:35,  4.99it/s]
Epoch 2 Train:   0%|          | 150/35676 [00:35<2:03:51,  4.78it/s]
Epoch 2 Train:   0%|          | 151/35676 [00:35<1:52:42,  5.25it/s]
Epoch 2 Train:   0%|          | 152/35676 [00:35<1:46:06,  5.58it/s]
Epoch 2 Train:   0%|          | 153/35676 [00:36<1:48:20,  5.46it/s]
Epoch 2 Train:   0%|          | 154/35676 [00:36<1:49:46,  5.39it/s]
Epoch 2 Train:   0%|          | 155/35676 [00:36<1:40:53,  5.87it/s]
Epoch 2 Train:   0%|          | 156/35676 [00:36<1:55:44,  5.11it/s]
Epoch 2 Train:   0%|          | 157/35676 [00:36<1:48:37,  5.45it/s]
Epoch 2 Train:   0%|          | 158/35676 [00:36<1:44:15,  5.68it/s]
Epoch 2 Train:   0%|          | 159/35676 [00:37<1:55:41,  5.12it/s]
Epoch 2 Train:   0%|          | 160/35676 [00:37<1:52:24,  5.27it/s]
Epoch 2 Train:   0%|          | 161/35676 [00:37<1:55:32,  5.12it/s]
Epoch 2 Train:   0%|          | 162/35676 [00:37<2:12:35,  4.46it/s]
Epoch 2 Train:   0%|          | 163/35676 [00:38<2:06:31,  4.68it/s]
Epoch 2 Train:   0%|          | 164/35676 [00:38<2:05:26,  4.72it/s]
Epoch 2 Train:   0%|          | 165/35676 [00:38<2:14:37,  4.40it/s]
Epoch 2 Train:   0%|          | 166/35676 [00:38<2:11:40,  4.49it/s]
Epoch 2 Train:   0%|          | 167/35676 [00:38<2:09:12,  4.58it/s]
Epoch 2 Train:   0%|          | 168/35676 [00:39<2:14:09,  4.41it/s]
Epoch 2 Train:   0%|          | 169/35676 [00:39<2:00:30,  4.91it/s]
Epoch 2 Train:   0%|          | 170/35676 [00:39<1:53:30,  5.21it/s]
Epoch 2 Train:   0%|          | 171/35676 [00:39<1:58:55,  4.98it/s]
Epoch 2 Train:   0%|          | 172/35676 [00:39<1:49:15,  5.42it/s]
Epoch 2 Train:   0%|          | 173/35676 [00:40<1:45:03,  5.63it/s]
Epoch 2 Train:   0%|          | 174/35676 [00:40<2:01:57,  4.85it/s]
Epoch 2 Train:   0%|          | 175/35676 [00:40<1:48:07,  5.47it/s]
Epoch 2 Train:   0%|          | 176/35676 [00:40<1:52:58,  5.24it/s]
Epoch 2 Train:   0%|          | 177/35676 [00:40<2:02:06,  4.85it/s]
Epoch 2 Train:   0%|          | 178/35676 [00:41<1:56:51,  5.06it/s]
Epoch 2 Train:   1%|          | 179/35676 [00:41<1:49:13,  5.42it/s]
Epoch 2 Train:   1%|          | 180/35676 [00:41<2:09:32,  4.57it/s]
Epoch 2 Train:   1%|          | 181/35676 [00:41<2:06:32,  4.68it/s]
Epoch 2 Train:   1%|          | 182/35676 [00:41<1:52:05,  5.28it/s]
Epoch 2 Train:   1%|          | 183/35676 [00:42<2:10:01,  4.55it/s]
Epoch 2 Train:   1%|          | 184/35676 [00:42<1:58:45,  4.98it/s]
Epoch 2 Train:   1%|          | 185/35676 [00:42<1:48:21,  5.46it/s]
Epoch 2 Train:   1%|          | 186/35676 [00:42<2:02:39,  4.82it/s]
Epoch 2 Train:   1%|          | 187/35676 [00:42<1:58:06,  5.01it/s]
Epoch 2 Train:   1%|          | 188/35676 [00:43<2:00:19,  4.92it/s]
Epoch 2 Train:   1%|          | 189/35676 [00:43<2:16:44,  4.33it/s]
Epoch 2 Train:   1%|          | 190/35676 [00:43<2:11:45,  4.49it/s]
Epoch 2 Train:   1%|          | 191/35676 [00:43<2:10:50,  4.52it/s]
Epoch 2 Train:   1%|          | 192/35676 [00:44<2:21:18,  4.19it/s]
Epoch 2 Train:   1%|          | 193/35676 [00:44<2:13:32,  4.43it/s]
Epoch 2 Train:   1%|          | 194/35676 [00:44<2:11:00,  4.51it/s]
Epoch 2 Train:   1%|          | 195/35676 [00:44<2:32:36,  3.87it/s]
Epoch 2 Train:   1%|          | 196/35676 [00:45<2:22:10,  4.16it/s]
Epoch 2 Train:   1%|          | 197/35676 [00:45<2:18:04,  4.28it/s]
Epoch 2 Train:   1%|          | 198/35676 [00:45<2:29:36,  3.95it/s]
Epoch 2 Train:   1%|          | 199/35676 [00:45<2:17:23,  4.30it/s]
Epoch 2 Train:   1%|          | 200/35676 [00:45<2:13:05,  4.44it/s]
Epoch 2 Train:   1%|          | 201/35676 [00:46<2:15:59,  4.35it/s]
Epoch 2 Train:   1%|          | 202/35676 [00:46<2:03:40,  4.78it/s]
Epoch 2 Train:   1%|          | 203/35676 [00:46<1:53:58,  5.19it/s]
Epoch 2 Train:   1%|          | 204/35676 [00:46<1:57:44,  5.02it/s]
Epoch 2 Train:   1%|          | 205/35676 [00:46<1:58:04,  5.01it/s]
Epoch 2 Train:   1%|          | 206/35676 [00:47<2:00:34,  4.90it/s]
Epoch 2 Train:   1%|          | 207/35676 [00:47<2:02:29,  4.83it/s]
Epoch 2 Train:   1%|          | 208/35676 [00:47<1:48:54,  5.43it/s]
Epoch 2 Train:   1%|          | 209/35676 [00:47<1:56:35,  5.07it/s]
Epoch 2 Train:   1%|          | 210/35676 [00:48<2:43:46,  3.61it/s]
Epoch 2 Train:   1%|          | 211/35676 [00:48<2:25:17,  4.07it/s]
Epoch 2 Train:   1%|          | 212/35676 [00:48<2:33:54,  3.84it/s]
Epoch 2 Train:   1%|          | 213/35676 [00:49<2:58:04,  3.32it/s]
Epoch 2 Train:   1%|          | 214/35676 [00:49<2:33:10,  3.86it/s]
Epoch 2 Train:   1%|          | 215/35676 [00:49<2:36:35,  3.77it/s]
Epoch 2 Train:   1%|          | 216/35676 [00:49<2:49:05,  3.50it/s]
Epoch 2 Train:   1%|          | 217/35676 [00:50<2:40:56,  3.67it/s]
Epoch 2 Train:   1%|          | 218/35676 [00:50<2:37:28,  3.75it/s]
Epoch 2 Train:   1%|          | 219/35676 [00:50<2:55:01,  3.38it/s]
Epoch 2 Train:   1%|          | 220/35676 [00:50<2:45:16,  3.58it/s]
Epoch 2 Train:   1%|          | 221/35676 [00:51<2:34:55,  3.81it/s]
Epoch 2 Train:   1%|          | 222/35676 [00:51<2:50:52,  3.46it/s]
Epoch 2 Train:   1%|          | 223/35676 [00:51<2:44:40,  3.59it/s]
Epoch 2 Train:   1%|          | 224/35676 [00:51<2:30:51,  3.92it/s]
Epoch 2 Train:   1%|          | 225/35676 [00:52<2:45:19,  3.57it/s]
Epoch 2 Train:   1%|          | 226/35676 [00:52<2:40:55,  3.67it/s]
Epoch 2 Train:   1%|          | 227/35676 [00:52<2:28:52,  3.97it/s]
Epoch 2 Train:   1%|          | 228/35676 [00:53<2:47:06,  3.54it/s]
Epoch 2 Train:   1%|          | 229/35676 [00:53<2:38:06,  3.74it/s]
Epoch 2 Train:   1%|          | 230/35676 [00:53<2:16:33,  4.33it/s]
Epoch 2 Train:   1%|          | 231/35676 [00:53<2:31:53,  3.89it/s]
Epoch 2 Train:   1%|          | 232/35676 [00:54<2:29:09,  3.96it/s]
Epoch 2 Train:   1%|          | 233/35676 [00:54<2:33:49,  3.84it/s]
Epoch 2 Train:   1%|          | 234/35676 [00:54<2:48:43,  3.50it/s]
Epoch 2 Train:   1%|          | 235/35676 [00:54<2:43:03,  3.62it/s]
Epoch 2 Train:   1%|          | 236/35676 [00:55<2:40:35,  3.68it/s]
Epoch 2 Train:   1%|          | 237/35676 [00:55<2:58:21,  3.31it/s]
Epoch 2 Train:   1%|          | 238/35676 [00:55<2:49:27,  3.49it/s]
Epoch 2 Train:   1%|          | 239/35676 [00:56<2:46:29,  3.55it/s]
Epoch 2 Train:   1%|          | 240/35676 [00:56<2:55:30,  3.37it/s]
Epoch 2 Train:   1%|          | 241/35676 [00:56<2:51:12,  3.45it/s]
Epoch 2 Train:   1%|          | 242/35676 [00:56<2:48:44,  3.50it/s]
Epoch 2 Train:   1%|          | 243/35676 [00:57<2:40:17,  3.68it/s]
Epoch 2 Train:   1%|          | 244/35676 [00:57<2:32:26,  3.87it/s]
Epoch 2 Train:   1%|          | 245/35676 [00:57<2:28:33,  3.97it/s]
Epoch 2 Train:   1%|          | 246/35676 [00:57<2:35:47,  3.79it/s]
Epoch 2 Train:   1%|          | 247/35676 [00:58<2:30:16,  3.93it/s]
Epoch 2 Train:   1%|          | 248/35676 [00:58<2:23:06,  4.13it/s]
Epoch 2 Train:   1%|          | 249/35676 [00:58<2:27:12,  4.01it/s]
Epoch 2 Train:   1%|          | 250/35676 [00:58<2:26:30,  4.03it/s]
Epoch 2 Train:   1%|          | 251/35676 [00:59<2:32:47,  3.86it/s]
Epoch 2 Train:   1%|          | 252/35676 [00:59<2:40:44,  3.67it/s]
Epoch 2 Train:   1%|          | 253/35676 [00:59<2:36:29,  3.77it/s]
Epoch 2 Train:   1%|          | 254/35676 [01:00<2:39:57,  3.69it/s]
Epoch 2 Train:   1%|          | 255/35676 [01:00<2:50:18,  3.47it/s]
Epoch 2 Train:   1%|          | 256/35676 [01:00<2:46:01,  3.56it/s]
Epoch 2 Train:   1%|          | 257/35676 [01:00<2:46:13,  3.55it/s]
Epoch 2 Train:   1%|          | 258/35676 [01:01<2:47:12,  3.53it/s]
Epoch 2 Train:   1%|          | 259/35676 [01:01<2:44:16,  3.59it/s]
Epoch 2 Train:   1%|          | 260/35676 [01:01<2:44:07,  3.60it/s]
Epoch 2 Train:   1%|          | 261/35676 [01:02<2:48:42,  3.50it/s]
Epoch 2 Train:   1%|          | 262/35676 [01:02<2:46:05,  3.55it/s]
Epoch 2 Train:   1%|          | 263/35676 [01:02<2:47:31,  3.52it/s]
Epoch 2 Train:   1%|          | 264/35676 [01:02<2:47:51,  3.52it/s]
Epoch 2 Train:   1%|          | 265/35676 [01:03<2:42:50,  3.62it/s]
Epoch 2 Train:   1%|          | 266/35676 [01:03<2:38:58,  3.71it/s]
Epoch 2 Train:   1%|          | 267/35676 [01:03<2:46:11,  3.55it/s]
Epoch 2 Train:   1%|          | 268/35676 [01:03<2:29:19,  3.95it/s]
Epoch 2 Train:   1%|          | 269/35676 [01:04<2:31:04,  3.91it/s]
Epoch 2 Train:   1%|          | 270/35676 [01:04<2:49:46,  3.48it/s]
Epoch 2 Train:   1%|          | 271/35676 [01:04<2:28:17,  3.98it/s]
Epoch 2 Train:   1%|          | 272/35676 [01:04<2:26:43,  4.02it/s]
Epoch 2 Train:   1%|          | 273/35676 [01:05<2:44:08,  3.59it/s]
Epoch 2 Train:   1%|          | 274/35676 [01:05<2:28:50,  3.96it/s]
Epoch 2 Train:   1%|          | 275/35676 [01:05<2:31:56,  3.88it/s]
Epoch 2 Train:   1%|          | 276/35676 [01:06<2:55:31,  3.36it/s]
Epoch 2 Train:   1%|          | 277/35676 [01:06<2:36:39,  3.77it/s]
Epoch 2 Train:   1%|          | 278/35676 [01:06<2:37:32,  3.74it/s]
Epoch 2 Train:   1%|          | 279/35676 [01:06<2:47:40,  3.52it/s]
Epoch 2 Train:   1%|          | 280/35676 [01:07<2:40:33,  3.67it/s]
Epoch 2 Train:   1%|          | 281/35676 [01:07<2:30:39,  3.92it/s]
Epoch 2 Train:   1%|          | 282/35676 [01:07<2:49:14,  3.49it/s]
Epoch 2 Train:   1%|          | 283/35676 [01:08<2:49:06,  3.49it/s]
Epoch 2 Train:   1%|          | 284/35676 [01:08<2:40:04,  3.68it/s]
Epoch 2 Train:   1%|          | 285/35676 [01:08<3:00:00,  3.28it/s]
Epoch 2 Train:   1%|          | 286/35676 [01:08<3:02:35,  3.23it/s]
Epoch 2 Train:   1%|          | 287/35676 [01:09<2:49:54,  3.47it/s]
Epoch 2 Train:   1%|          | 288/35676 [01:09<3:05:52,  3.17it/s]
Epoch 2 Train:   1%|          | 289/35676 [01:09<2:39:56,  3.69it/s]
Epoch 2 Train:   1%|          | 290/35676 [01:09<2:20:53,  4.19it/s]
Epoch 2 Train:   1%|          | 291/35676 [01:10<2:29:30,  3.94it/s]
Epoch 2 Train:   1%|          | 292/35676 [01:10<2:28:23,  3.97it/s]
Epoch 2 Train:   1%|          | 293/35676 [01:10<2:39:27,  3.70it/s]
Epoch 2 Train:   1%|          | 294/35676 [01:11<3:01:26,  3.25it/s]
Epoch 2 Train:   1%|          | 295/35676 [01:11<2:58:46,  3.30it/s]
Epoch 2 Train:   1%|          | 296/35676 [01:11<2:55:16,  3.36it/s]
Epoch 2 Train:   1%|          | 297/35676 [01:12<2:53:24,  3.40it/s]
Epoch 2 Train:   1%|          | 298/35676 [01:12<2:33:29,  3.84it/s]
Epoch 2 Train:   1%|          | 299/35676 [01:12<2:23:24,  4.11it/s]
Epoch 2 Train:   1%|          | 300/35676 [01:12<2:18:15,  4.26it/s]
Epoch 2 Train:   1%|          | 301/35676 [01:12<2:11:49,  4.47it/s]
Epoch 2 Train:   1%|          | 302/35676 [01:13<2:10:18,  4.52it/s]
Epoch 2 Train:   1%|          | 303/35676 [01:13<2:15:51,  4.34it/s]
Epoch 2 Train:   1%|          | 304/35676 [01:13<2:02:17,  4.82it/s]
Epoch 2 Train:   1%|          | 305/35676 [01:13<1:54:17,  5.16it/s]
Epoch 2 Train:   1%|          | 306/35676 [01:13<2:19:45,  4.22it/s]
Epoch 2 Train:   1%|          | 307/35676 [01:14<2:00:36,  4.89it/s]
Epoch 2 Train:   1%|          | 308/35676 [01:14<1:57:50,  5.00it/s]
Epoch 2 Train:   1%|          | 309/35676 [01:14<1:58:52,  4.96it/s]
Epoch 2 Train:   1%|          | 310/35676 [01:14<1:58:58,  4.95it/s]
Epoch 2 Train:   1%|          | 311/35676 [01:14<1:47:41,  5.47it/s]
Epoch 2 Train:   1%|          | 312/35676 [01:15<2:00:36,  4.89it/s]
Epoch 2 Train:   1%|          | 313/35676 [01:15<1:53:26,  5.20it/s]
Epoch 2 Train:   1%|          | 314/35676 [01:15<1:47:17,  5.49it/s]
Epoch 2 Train:   1%|          | 315/35676 [01:15<2:13:36,  4.41it/s]
Epoch 2 Train:   1%|          | 316/35676 [01:15<2:01:28,  4.85it/s]
Epoch 2 Train:   1%|          | 317/35676 [01:16<1:50:51,  5.32it/s]
Epoch 2 Train:   1%|          | 318/35676 [01:16<2:05:49,  4.68it/s]
Epoch 2 Train:   1%|          | 319/35676 [01:16<2:01:50,  4.84it/s]
Epoch 2 Train:   1%|          | 320/35676 [01:16<2:02:50,  4.80it/s]
Epoch 2 Train:   1%|          | 321/35676 [01:16<2:07:46,  4.61it/s]
Epoch 2 Train:   1%|          | 322/35676 [01:17<1:54:35,  5.14it/s]
Epoch 2 Train:   1%|          | 323/35676 [01:17<1:55:50,  5.09it/s]
Epoch 2 Train:   1%|          | 324/35676 [01:17<2:04:26,  4.73it/s]
Epoch 2 Train:   1%|          | 325/35676 [01:17<2:01:05,  4.87it/s]
Epoch 2 Train:   1%|          | 326/35676 [01:17<2:02:04,  4.83it/s]
Epoch 2 Train:   1%|          | 327/35676 [01:18<2:08:35,  4.58it/s]
Epoch 2 Train:   1%|          | 328/35676 [01:18<1:56:48,  5.04it/s]
Epoch 2 Train:   1%|          | 329/35676 [01:18<1:50:54,  5.31it/s]
Epoch 2 Train:   1%|          | 330/35676 [01:18<2:12:19,  4.45it/s]
Epoch 2 Train:   1%|          | 331/35676 [01:18<1:54:11,  5.16it/s]
Epoch 2 Train:   1%|          | 332/35676 [01:19<1:55:51,  5.08it/s]
Epoch 2 Train:   1%|          | 333/35676 [01:19<2:23:34,  4.10it/s]
Epoch 2 Train:   1%|          | 334/35676 [01:19<1:58:38,  4.96it/s]
Epoch 2 Train:   1%|          | 335/35676 [01:19<2:01:40,  4.84it/s]
Epoch 2 Train:   1%|          | 336/35676 [01:20<2:12:55,  4.43it/s]
Epoch 2 Train:   1%|          | 337/35676 [01:20<2:00:34,  4.88it/s]
Epoch 2 Train:   1%|          | 338/35676 [01:20<1:51:57,  5.26it/s]
Epoch 2 Train:   1%|          | 339/35676 [01:20<2:10:13,  4.52it/s]
Epoch 2 Train:   1%|          | 340/35676 [01:20<2:02:16,  4.82it/s]
Epoch 2 Train:   1%|          | 341/35676 [01:20<1:48:34,  5.42it/s]
Epoch 2 Train:   1%|          | 342/35676 [01:21<1:59:01,  4.95it/s]
Epoch 2 Train:   1%|          | 343/35676 [01:21<1:53:12,  5.20it/s]
Epoch 2 Train:   1%|          | 344/35676 [01:21<1:57:20,  5.02it/s]
Epoch 2 Train:   1%|          | 345/35676 [01:21<1:55:11,  5.11it/s]
Epoch 2 Train:   1%|          | 346/35676 [01:21<1:50:02,  5.35it/s]
Epoch 2 Train:   1%|          | 347/35676 [01:22<1:48:45,  5.41it/s]
Epoch 2 Train:   1%|          | 348/35676 [01:22<1:56:38,  5.05it/s]
Epoch 2 Train:   1%|          | 349/35676 [01:22<1:42:09,  5.76it/s]
Epoch 2 Train:   1%|          | 350/35676 [01:22<1:42:07,  5.76it/s]
Epoch 2 Train:   1%|          | 351/35676 [01:22<2:08:20,  4.59it/s]
Epoch 2 Train:   1%|          | 352/35676 [01:23<1:50:17,  5.34it/s]
Epoch 2 Train:   1%|          | 353/35676 [01:23<1:54:22,  5.15it/s]
Epoch 2 Train:   1%|          | 354/35676 [01:23<2:00:32,  4.88it/s]
Epoch 2 Train:   1%|          | 355/35676 [01:23<1:57:37,  5.00it/s]
Epoch 2 Train:   1%|          | 356/35676 [01:23<1:46:42,  5.52it/s]
Epoch 2 Train:   1%|          | 357/35676 [01:24<2:00:10,  4.90it/s]
Epoch 2 Train:   1%|          | 358/35676 [01:24<1:52:52,  5.22it/s]
Epoch 2 Train:   1%|          | 359/35676 [01:24<1:54:22,  5.15it/s]
Epoch 2 Train:   1%|          | 360/35676 [01:24<2:17:13,  4.29it/s]
Epoch 2 Train:   1%|          | 361/35676 [01:24<2:09:20,  4.55it/s]
Epoch 2 Train:   1%|          | 362/35676 [01:25<2:09:47,  4.53it/s]
Epoch 2 Train:   1%|          | 363/35676 [01:25<2:24:35,  4.07it/s]
Epoch 2 Train:   1%|          | 364/35676 [01:25<2:16:09,  4.32it/s]
Epoch 2 Train:   1%|          | 365/35676 [01:25<2:14:21,  4.38it/s]
Epoch 2 Train:   1%|          | 366/35676 [01:26<2:31:29,  3.88it/s]
Epoch 2 Train:   1%|          | 367/35676 [01:26<2:17:56,  4.27it/s]
Epoch 2 Train:   1%|          | 368/35676 [01:26<2:13:57,  4.39it/s]
Epoch 2 Train:   1%|          | 369/35676 [01:26<2:10:26,  4.51it/s]
Epoch 2 Train:   1%|          | 370/35676 [01:27<2:03:32,  4.76it/s]
Epoch 2 Train:   1%|          | 371/35676 [01:27<2:02:17,  4.81it/s]
Epoch 2 Train:   1%|          | 372/35676 [01:27<2:07:28,  4.62it/s]
Epoch 2 Train:   1%|          | 373/35676 [01:27<1:56:38,  5.04it/s]
Epoch 2 Train:   1%|          | 374/35676 [01:27<1:50:26,  5.33it/s]
Epoch 2 Train:   1%|          | 375/35676 [01:27<1:46:12,  5.54it/s]
Epoch 2 Train:   1%|          | 376/35676 [01:28<1:47:21,  5.48it/s]
Epoch 2 Train:   1%|          | 377/35676 [01:28<1:42:36,  5.73it/s]
Epoch 2 Train:   1%|          | 378/35676 [01:28<2:00:51,  4.87it/s]
Epoch 2 Train:   1%|          | 379/35676 [01:28<1:57:34,  5.00it/s]
Epoch 2 Train:   1%|          | 380/35676 [01:28<1:45:44,  5.56it/s]
Epoch 2 Train:   1%|          | 381/35676 [01:29<2:04:38,  4.72it/s]
Epoch 2 Train:   1%|          | 382/35676 [01:29<1:54:20,  5.14it/s]
Epoch 2 Train:   1%|          | 383/35676 [01:29<1:46:33,  5.52it/s]
Epoch 2 Train:   1%|          | 384/35676 [01:29<2:07:55,  4.60it/s]
Epoch 2 Train:   1%|          | 385/35676 [01:30<2:06:59,  4.63it/s]
Epoch 2 Train:   1%|          | 386/35676 [01:30<2:07:09,  4.63it/s]
Epoch 2 Train:   1%|          | 387/35676 [01:30<2:20:29,  4.19it/s]
Epoch 2 Train:   1%|          | 388/35676 [01:30<2:12:25,  4.44it/s]
Epoch 2 Train:   1%|          | 389/35676 [01:30<2:10:55,  4.49it/s]
Epoch 2 Train:   1%|          | 390/35676 [01:31<2:19:16,  4.22it/s]
Epoch 2 Train:   1%|          | 391/35676 [01:31<2:10:13,  4.52it/s]
Epoch 2 Train:   1%|          | 392/35676 [01:31<2:07:43,  4.60it/s]
Epoch 2 Train:   1%|          | 393/35676 [01:31<2:20:43,  4.18it/s]
Epoch 2 Train:   1%|          | 394/35676 [01:32<2:12:51,  4.43it/s]
Epoch 2 Train:   1%|          | 395/35676 [01:32<2:11:12,  4.48it/s]
Epoch 2 Train:   1%|          | 396/35676 [01:32<2:18:11,  4.25it/s]
Epoch 2 Train:   1%|          | 397/35676 [01:32<2:10:03,  4.52it/s]
Epoch 2 Train:   1%|          | 398/35676 [01:32<2:08:45,  4.57it/s]
Epoch 2 Train:   1%|          | 399/35676 [01:33<2:25:59,  4.03it/s]
Epoch 2 Train:   1%|          | 400/35676 [01:33<2:17:39,  4.27it/s]
Epoch 2 Train:   1%|          | 401/35676 [01:33<2:12:36,  4.43it/s]
Epoch 2 Train:   1%|          | 402/35676 [01:33<2:12:40,  4.43it/s]
Epoch 2 Train:   1%|          | 403/35676 [01:34<2:03:39,  4.75it/s]
Epoch 2 Train:   1%|          | 404/35676 [01:34<2:00:52,  4.86it/s]
Epoch 2 Train:   1%|          | 405/35676 [01:34<2:06:00,  4.67it/s]
Epoch 2 Train:   1%|          | 406/35676 [01:34<1:48:27,  5.42it/s]
Epoch 2 Train:   1%|          | 407/35676 [01:34<1:49:50,  5.35it/s]
Epoch 2 Train:   1%|          | 408/35676 [01:35<1:57:53,  4.99it/s]
Epoch 2 Train:   1%|          | 409/35676 [01:35<1:52:58,  5.20it/s]
Epoch 2 Train:   1%|          | 410/35676 [01:35<1:44:13,  5.64it/s]
Epoch 2 Train:   1%|          | 411/35676 [01:35<2:18:14,  4.25it/s]
Epoch 2 Train:   1%|          | 412/35676 [01:35<2:20:51,  4.17it/s]
Epoch 2 Train:   1%|          | 413/35676 [01:36<2:13:55,  4.39it/s]
Epoch 2 Train:   1%|          | 414/35676 [01:36<2:45:12,  3.56it/s]
Epoch 2 Train:   1%|          | 415/35676 [01:36<2:44:23,  3.57it/s]
Epoch 2 Train:   1%|          | 416/35676 [01:37<2:32:18,  3.86it/s]
Epoch 2 Train:   1%|          | 417/35676 [01:37<2:53:58,  3.38it/s]
Epoch 2 Train:   1%|          | 418/35676 [01:37<2:46:59,  3.52it/s]
Epoch 2 Train:   1%|          | 419/35676 [01:37<2:27:21,  3.99it/s]
Epoch 2 Train:   1%|          | 420/35676 [01:38<2:45:33,  3.55it/s]
Epoch 2 Train:   1%|          | 421/35676 [01:38<2:32:45,  3.85it/s]
Epoch 2 Train:   1%|          | 422/35676 [01:38<2:21:11,  4.16it/s]
Epoch 2 Train:   1%|          | 423/35676 [01:39<2:40:30,  3.66it/s]
Epoch 2 Train:   1%|          | 424/35676 [01:39<2:27:53,  3.97it/s]
Epoch 2 Train:   1%|          | 425/35676 [01:39<2:29:04,  3.94it/s]
Epoch 2 Train:   1%|          | 426/35676 [01:39<2:51:29,  3.43it/s]
Epoch 2 Train:   1%|          | 427/35676 [01:40<2:42:43,  3.61it/s]
Epoch 2 Train:   1%|          | 428/35676 [01:40<2:42:11,  3.62it/s]
Epoch 2 Train:   1%|          | 429/35676 [01:40<2:50:09,  3.45it/s]
Epoch 2 Train:   1%|          | 430/35676 [01:40<2:38:44,  3.70it/s]
Epoch 2 Train:   1%|          | 431/35676 [01:41<2:29:04,  3.94it/s]
Epoch 2 Train:   1%|          | 432/35676 [01:41<2:29:38,  3.93it/s]
Epoch 2 Train:   1%|          | 433/35676 [01:41<2:33:01,  3.84it/s]
Epoch 2 Train:   1%|          | 434/35676 [01:41<2:34:10,  3.81it/s]
Epoch 2 Train:   1%|          | 435/35676 [01:42<2:37:15,  3.73it/s]
Epoch 2 Train:   1%|          | 436/35676 [01:42<2:17:47,  4.26it/s]
Epoch 2 Train:   1%|          | 437/35676 [01:42<2:06:15,  4.65it/s]
Epoch 2 Train:   1%|          | 438/35676 [01:42<2:21:08,  4.16it/s]
Epoch 2 Train:   1%|          | 439/35676 [01:42<2:00:10,  4.89it/s]
Epoch 2 Train:   1%|          | 440/35676 [01:43<2:01:26,  4.84it/s]
Epoch 2 Train:   1%|          | 441/35676 [01:43<2:01:38,  4.83it/s]
Epoch 2 Train:   1%|          | 442/35676 [01:43<1:58:17,  4.96it/s]
Epoch 2 Train:   1%|          | 443/35676 [01:43<1:52:40,  5.21it/s]
Epoch 2 Train:   1%|          | 444/35676 [01:44<2:09:28,  4.54it/s]
Epoch 2 Train:   1%|          | 445/35676 [01:44<2:07:36,  4.60it/s]
Epoch 2 Train:   1%|▏         | 446/35676 [01:44<1:52:47,  5.21it/s]
Epoch 2 Train:   1%|▏         | 447/35676 [01:44<2:01:12,  4.84it/s]
Epoch 2 Train:   1%|▏         | 448/35676 [01:44<1:53:38,  5.17it/s]
Epoch 2 Train:   1%|▏         | 449/35676 [01:44<1:54:52,  5.11it/s]
Epoch 2 Train:   1%|▏         | 450/35676 [01:45<2:10:58,  4.48it/s]
Epoch 2 Train:   1%|▏         | 451/35676 [01:45<2:07:25,  4.61it/s]
Epoch 2 Train:   1%|▏         | 452/35676 [01:45<2:05:07,  4.69it/s]
Epoch 2 Train:   1%|▏         | 453/35676 [01:45<2:14:49,  4.35it/s]
Epoch 2 Train:   1%|▏         | 454/35676 [01:46<1:54:20,  5.13it/s]
Epoch 2 Train:   1%|▏         | 455/35676 [01:46<1:51:41,  5.26it/s]
Epoch 2 Train:   1%|▏         | 456/35676 [01:46<1:58:13,  4.97it/s]
Epoch 2 Train:   1%|▏         | 457/35676 [01:46<1:47:49,  5.44it/s]
Epoch 2 Train:   1%|▏         | 458/35676 [01:46<1:43:53,  5.65it/s]
Epoch 2 Train:   1%|▏         | 459/35676 [01:47<2:00:59,  4.85it/s]
Epoch 2 Train:   1%|▏         | 460/35676 [01:47<1:48:30,  5.41it/s]
Epoch 2 Train:   1%|▏         | 461/35676 [01:47<1:56:12,  5.05it/s]
Epoch 2 Train:   1%|▏         | 462/35676 [01:47<2:05:19,  4.68it/s]
Epoch 2 Train:   1%|▏         | 463/35676 [01:47<2:02:07,  4.81it/s]
Epoch 2 Train:   1%|▏         | 464/35676 [01:47<1:50:21,  5.32it/s]
Epoch 2 Train:   1%|▏         | 465/35676 [01:48<2:13:05,  4.41it/s]
Epoch 2 Train:   1%|▏         | 466/35676 [01:48<2:08:19,  4.57it/s]
Epoch 2 Train:   1%|▏         | 467/35676 [01:48<1:53:48,  5.16it/s]
Epoch 2 Train:   1%|▏         | 468/35676 [01:48<2:13:52,  4.38it/s]
Epoch 2 Train:   1%|▏         | 469/35676 [01:49<2:13:07,  4.41it/s]
Epoch 2 Train:   1%|▏         | 470/35676 [01:49<2:02:21,  4.80it/s]
Epoch 2 Train:   1%|▏         | 471/35676 [01:49<2:16:54,  4.29it/s]
Epoch 2 Train:   1%|▏         | 472/35676 [01:49<2:08:11,  4.58it/s]
Epoch 2 Train:   1%|▏         | 473/35676 [01:49<1:58:34,  4.95it/s]
Epoch 2 Train:   1%|▏         | 474/35676 [01:50<2:16:54,  4.29it/s]
Epoch 2 Train:   1%|▏         | 475/35676 [01:50<2:11:50,  4.45it/s]
Epoch 2 Train:   1%|▏         | 476/35676 [01:50<1:52:25,  5.22it/s]
Epoch 2 Train:   1%|▏         | 477/35676 [01:50<2:01:15,  4.84it/s]
Epoch 2 Train:   1%|▏         | 478/35676 [01:51<1:57:34,  4.99it/s]
Epoch 2 Train:   1%|▏         | 479/35676 [01:51<1:58:46,  4.94it/s]
Epoch 2 Train:   1%|▏         | 480/35676 [01:51<2:14:38,  4.36it/s]
Epoch 2 Train:   1%|▏         | 481/35676 [01:51<2:02:38,  4.78it/s]
Epoch 2 Train:   1%|▏         | 482/35676 [01:51<1:53:10,  5.18it/s]
Epoch 2 Train:   1%|▏         | 483/35676 [01:52<1:58:05,  4.97it/s]
Epoch 2 Train:   1%|▏         | 484/35676 [01:52<1:56:53,  5.02it/s]
Epoch 2 Train:   1%|▏         | 485/35676 [01:52<1:57:55,  4.97it/s]
Epoch 2 Train:   1%|▏         | 486/35676 [01:52<2:05:41,  4.67it/s]
Epoch 2 Train:   1%|▏         | 487/35676 [01:52<1:54:08,  5.14it/s]
Epoch 2 Train:   1%|▏         | 488/35676 [01:52<1:46:21,  5.51it/s]
Epoch 2 Train:   1%|▏         | 489/35676 [01:53<2:00:47,  4.86it/s]
Epoch 2 Train:   1%|▏         | 490/35676 [01:53<1:48:06,  5.42it/s]
Epoch 2 Train:   1%|▏         | 491/35676 [01:53<1:48:51,  5.39it/s]
Epoch 2 Train:   1%|▏         | 492/35676 [01:53<2:04:38,  4.70it/s]
Epoch 2 Train:   1%|▏         | 493/35676 [01:54<2:00:28,  4.87it/s]
Epoch 2 Train:   1%|▏         | 494/35676 [01:54<1:48:16,  5.42it/s]
Epoch 2 Train:   1%|▏         | 495/35676 [01:54<2:01:23,  4.83it/s]
Epoch 2 Train:   1%|▏         | 496/35676 [01:54<1:51:23,  5.26it/s]
Epoch 2 Train:   1%|▏         | 497/35676 [01:54<1:53:22,  5.17it/s]
Epoch 2 Train:   1%|▏         | 498/35676 [01:55<2:14:12,  4.37it/s]
Epoch 2 Train:   1%|▏         | 499/35676 [01:55<2:09:55,  4.51it/s]
Epoch 2 Train:   1%|▏         | 500/35676 [01:55<2:05:40,  4.66it/s]
Epoch 2 Train:   1%|▏         | 501/35676 [01:55<2:11:25,  4.46it/s]
Epoch 2 Train:   1%|▏         | 502/35676 [01:55<1:59:52,  4.89it/s]
Epoch 2 Train:   1%|▏         | 503/35676 [01:56<1:52:38,  5.20it/s]
Epoch 2 Train:   1%|▏         | 504/35676 [01:56<1:55:34,  5.07it/s]
Epoch 2 Train:   1%|▏         | 505/35676 [01:56<1:48:13,  5.42it/s]
Epoch 2 Train:   1%|▏         | 506/35676 [01:56<1:56:01,  5.05it/s]
Epoch 2 Train:   1%|▏         | 507/35676 [01:57<2:22:23,  4.12it/s]
Epoch 2 Train:   1%|▏         | 508/35676 [01:57<2:06:38,  4.63it/s]
Epoch 2 Train:   1%|▏         | 509/35676 [01:57<1:57:29,  4.99it/s]
Epoch 2 Train:   1%|▏         | 510/35676 [01:57<2:01:42,  4.82it/s]
Epoch 2 Train:   1%|▏         | 511/35676 [01:57<2:00:28,  4.86it/s]
Epoch 2 Train:   1%|▏         | 512/35676 [01:57<2:02:24,  4.79it/s]
Epoch 2 Train:   1%|▏         | 513/35676 [01:58<2:07:16,  4.60it/s]
Epoch 2 Train:   1%|▏         | 514/35676 [01:58<1:55:53,  5.06it/s]
Epoch 2 Train:   1%|▏         | 515/35676 [01:58<1:50:38,  5.30it/s]
Epoch 2 Train:   1%|▏         | 516/35676 [01:58<2:11:32,  4.45it/s]
Epoch 2 Train:   1%|▏         | 517/35676 [01:58<1:54:10,  5.13it/s]
Epoch 2 Train:   1%|▏         | 518/35676 [01:59<1:54:50,  5.10it/s]
Epoch 2 Train:   1%|▏         | 519/35676 [01:59<2:05:11,  4.68it/s]
Epoch 2 Train:   1%|▏         | 520/35676 [01:59<1:59:42,  4.89it/s]
Epoch 2 Train:   1%|▏         | 521/35676 [01:59<1:47:22,  5.46it/s]
Epoch 2 Train:   1%|▏         | 522/35676 [01:59<1:54:25,  5.12it/s]
Epoch 2 Train:   1%|▏         | 523/35676 [02:00<1:54:03,  5.14it/s]
Epoch 2 Train:   1%|▏         | 524/35676 [02:00<1:57:43,  4.98it/s]
Epoch 2 Train:   1%|▏         | 525/35676 [02:00<2:13:58,  4.37it/s]
Epoch 2 Train:   1%|▏         | 526/35676 [02:00<2:02:18,  4.79it/s]
Epoch 2 Train:   1%|▏         | 527/35676 [02:01<2:00:31,  4.86it/s]
Epoch 2 Train:   1%|▏         | 528/35676 [02:01<1:50:32,  5.30it/s]
Epoch 2 Train:   1%|▏         | 529/35676 [02:01<1:50:11,  5.32it/s]
Epoch 2 Train:   1%|▏         | 530/35676 [02:01<1:52:53,  5.19it/s]
Epoch 2 Train:   1%|▏         | 531/35676 [02:01<1:59:24,  4.91it/s]
Epoch 2 Train:   1%|▏         | 532/35676 [02:01<1:47:29,  5.45it/s]
Epoch 2 Train:   1%|▏         | 533/35676 [02:02<1:43:52,  5.64it/s]
Epoch 2 Train:   1%|▏         | 534/35676 [02:02<1:59:29,  4.90it/s]
Epoch 2 Train:   1%|▏         | 535/35676 [02:02<1:46:34,  5.50it/s]
Epoch 2 Train:   2%|▏         | 536/35676 [02:02<1:51:37,  5.25it/s]
Epoch 2 Train:   2%|▏         | 537/35676 [02:02<2:03:28,  4.74it/s]
Epoch 2 Train:   2%|▏         | 538/35676 [02:03<2:00:07,  4.88it/s]
Epoch 2 Train:   2%|▏         | 539/35676 [02:03<1:56:01,  5.05it/s]
Epoch 2 Train:   2%|▏         | 540/35676 [02:03<2:11:54,  4.44it/s]
Epoch 2 Train:   2%|▏         | 541/35676 [02:03<2:08:20,  4.56it/s]
Epoch 2 Train:   2%|▏         | 542/35676 [02:03<1:53:34,  5.16it/s]
Epoch 2 Train:   2%|▏         | 543/35676 [02:04<2:16:54,  4.28it/s]
Epoch 2 Train:   2%|▏         | 544/35676 [02:04<2:04:30,  4.70it/s]
Epoch 2 Train:   2%|▏         | 545/35676 [02:04<1:53:26,  5.16it/s]
Epoch 2 Train:   2%|▏         | 546/35676 [02:04<2:22:05,  4.12it/s]
Epoch 2 Train:   2%|▏         | 547/35676 [02:05<2:14:30,  4.35it/s]
Epoch 2 Train:   2%|▏         | 548/35676 [02:05<1:56:33,  5.02it/s]
Epoch 2 Train:   2%|▏         | 549/35676 [02:05<2:15:34,  4.32it/s]
Epoch 2 Train:   2%|▏         | 550/35676 [02:05<2:07:16,  4.60it/s]
Epoch 2 Train:   2%|▏         | 551/35676 [02:05<1:52:41,  5.20it/s]
Epoch 2 Train:   2%|▏         | 552/35676 [02:06<1:59:58,  4.88it/s]
Epoch 2 Train:   2%|▏         | 553/35676 [02:06<1:55:34,  5.07it/s]
Epoch 2 Train:   2%|▏         | 554/35676 [02:06<1:56:35,  5.02it/s]
Epoch 2 Train:   2%|▏         | 555/35676 [02:06<2:17:01,  4.27it/s]
Epoch 2 Train:   2%|▏         | 556/35676 [02:07<2:07:47,  4.58it/s]
Epoch 2 Train:   2%|▏         | 557/35676 [02:07<2:04:23,  4.71it/s]
Epoch 2 Train:   2%|▏         | 558/35676 [02:07<2:16:03,  4.30it/s]
Epoch 2 Train:   2%|▏         | 559/35676 [02:07<2:13:57,  4.37it/s]
Epoch 2 Train:   2%|▏         | 560/35676 [02:07<2:11:50,  4.44it/s]
Epoch 2 Train:   2%|▏         | 561/35676 [02:08<2:05:15,  4.67it/s]
Epoch 2 Train:   2%|▏         | 562/35676 [02:08<1:53:55,  5.14it/s]
Epoch 2 Train:   2%|▏         | 563/35676 [02:08<1:53:48,  5.14it/s]
Epoch 2 Train:   2%|▏         | 564/35676 [02:08<2:03:22,  4.74it/s]
Epoch 2 Train:   2%|▏         | 565/35676 [02:08<1:56:18,  5.03it/s]
Epoch 2 Train:   2%|▏         | 566/35676 [02:09<1:55:17,  5.08it/s]
Epoch 2 Train:   2%|▏         | 567/35676 [02:09<2:01:42,  4.81it/s]
Epoch 2 Train:   2%|▏         | 568/35676 [02:09<1:50:01,  5.32it/s]
Epoch 2 Train:   2%|▏         | 569/35676 [02:09<1:44:04,  5.62it/s]
Epoch 2 Train:   2%|▏         | 570/35676 [02:09<2:01:47,  4.80it/s]
Epoch 2 Train:   2%|▏         | 571/35676 [02:10<1:46:22,  5.50it/s]
Epoch 2 Train:   2%|▏         | 572/35676 [02:10<1:50:08,  5.31it/s]
Epoch 2 Train:   2%|▏         | 573/35676 [02:10<2:04:17,  4.71it/s]
Epoch 2 Train:   2%|▏         | 574/35676 [02:10<1:51:37,  5.24it/s]
Epoch 2 Train:   2%|▏         | 575/35676 [02:10<1:51:11,  5.26it/s]
Epoch 2 Train:   2%|▏         | 576/35676 [02:11<2:08:52,  4.54it/s]
Epoch 2 Train:   2%|▏         | 577/35676 [02:11<2:04:51,  4.69it/s]
Epoch 2 Train:   2%|▏         | 578/35676 [02:11<1:54:46,  5.10it/s]
Epoch 2 Train:   2%|▏         | 579/35676 [02:11<2:11:45,  4.44it/s]
Epoch 2 Train:   2%|▏         | 580/35676 [02:11<2:03:39,  4.73it/s]
Epoch 2 Train:   2%|▏         | 581/35676 [02:12<1:50:03,  5.31it/s]
Epoch 2 Train:   2%|▏         | 582/35676 [02:12<2:00:15,  4.86it/s]
Epoch 2 Train:   2%|▏         | 583/35676 [02:12<1:56:32,  5.02it/s]
Epoch 2 Train:   2%|▏         | 584/35676 [02:12<2:01:15,  4.82it/s]
Epoch 2 Train:   2%|▏         | 585/35676 [02:13<2:18:26,  4.22it/s]
Epoch 2 Train:   2%|▏         | 586/35676 [02:13<2:12:15,  4.42it/s]
Epoch 2 Train:   2%|▏         | 587/35676 [02:13<2:09:08,  4.53it/s]
Epoch 2 Train:   2%|▏         | 588/35676 [02:13<2:23:40,  4.07it/s]
Epoch 2 Train:   2%|▏         | 589/35676 [02:13<2:17:28,  4.25it/s]
Epoch 2 Train:   2%|▏         | 590/35676 [02:14<2:05:02,  4.68it/s]
Epoch 2 Train:   2%|▏         | 591/35676 [02:14<2:09:56,  4.50it/s]
Epoch 2 Train:   2%|▏         | 592/35676 [02:14<1:57:23,  4.98it/s]
Epoch 2 Train:   2%|▏         | 593/35676 [02:14<1:53:06,  5.17it/s]
Epoch 2 Train:   2%|▏         | 594/35676 [02:14<1:57:23,  4.98it/s]
Epoch 2 Train:   2%|▏         | 595/35676 [02:15<1:46:52,  5.47it/s]
Epoch 2 Train:   2%|▏         | 596/35676 [02:15<1:42:21,  5.71it/s]
Epoch 2 Train:   2%|▏         | 597/35676 [02:15<1:57:25,  4.98it/s]
Epoch 2 Train:   2%|▏         | 598/35676 [02:15<1:45:21,  5.55it/s]
Epoch 2 Train:   2%|▏         | 599/35676 [02:15<1:44:14,  5.61it/s]
Epoch 2 Train:   2%|▏         | 600/35676 [02:16<2:03:42,  4.73it/s]
Epoch 2 Train:   2%|▏         | 601/35676 [02:16<2:01:02,  4.83it/s]
Epoch 2 Train:   2%|▏         | 602/35676 [02:16<1:48:45,  5.37it/s]
Epoch 2 Train:   2%|▏         | 603/35676 [02:16<2:09:11,  4.52it/s]
Epoch 2 Train:   2%|▏         | 604/35676 [02:16<2:06:19,  4.63it/s]
Epoch 2 Train:   2%|▏         | 605/35676 [02:17<1:52:10,  5.21it/s]
Epoch 2 Train:   2%|▏         | 606/35676 [02:17<2:15:15,  4.32it/s]
Epoch 2 Train:   2%|▏         | 607/35676 [02:17<2:08:47,  4.54it/s]
Epoch 2 Train:   2%|▏         | 608/35676 [02:17<1:56:03,  5.04it/s]
Epoch 2 Train:   2%|▏         | 609/35676 [02:17<2:14:09,  4.36it/s]
Epoch 2 Train:   2%|▏         | 610/35676 [02:18<2:07:57,  4.57it/s]
Epoch 2 Train:   2%|▏         | 611/35676 [02:18<1:53:15,  5.16it/s]
Epoch 2 Train:   2%|▏         | 612/35676 [02:18<2:10:55,  4.46it/s]
Epoch 2 Train:   2%|▏         | 613/35676 [02:18<1:55:09,  5.07it/s]
Epoch 2 Train:   2%|▏         | 614/35676 [02:18<1:47:04,  5.46it/s]
Epoch 2 Train:   2%|▏         | 615/35676 [02:19<2:01:27,  4.81it/s]
Epoch 2 Train:   2%|▏         | 616/35676 [02:19<1:57:52,  4.96it/s]
Epoch 2 Train:   2%|▏         | 617/35676 [02:19<2:00:08,  4.86it/s]
Epoch 2 Train:   2%|▏         | 618/35676 [02:19<2:18:15,  4.23it/s]
Epoch 2 Train:   2%|▏         | 619/35676 [02:20<2:06:40,  4.61it/s]
Epoch 2 Train:   2%|▏         | 620/35676 [02:20<2:07:36,  4.58it/s]
Epoch 2 Train:   2%|▏         | 621/35676 [02:20<2:29:07,  3.92it/s]
Epoch 2 Train:   2%|▏         | 622/35676 [02:20<2:20:41,  4.15it/s]
Epoch 2 Train:   2%|▏         | 623/35676 [02:21<2:15:09,  4.32it/s]
Epoch 2 Train:   2%|▏         | 624/35676 [02:21<2:29:52,  3.90it/s]
Epoch 2 Train:   2%|▏         | 625/35676 [02:21<2:20:49,  4.15it/s]
Epoch 2 Train:   2%|▏         | 626/35676 [02:21<2:17:06,  4.26it/s]
Epoch 2 Train:   2%|▏         | 627/35676 [02:22<2:28:28,  3.93it/s]
Epoch 2 Train:   2%|▏         | 628/35676 [02:22<2:18:26,  4.22it/s]
Epoch 2 Train:   2%|▏         | 629/35676 [02:22<2:04:22,  4.70it/s]
Epoch 2 Train:   2%|▏         | 630/35676 [02:22<1:55:19,  5.06it/s]
Epoch 2 Train:   2%|▏         | 631/35676 [02:22<1:54:27,  5.10it/s]
Epoch 2 Train:   2%|▏         | 632/35676 [02:22<1:56:02,  5.03it/s]
Epoch 2 Train:   2%|▏         | 633/35676 [02:23<2:06:09,  4.63it/s]
Epoch 2 Train:   2%|▏         | 634/35676 [02:23<1:53:05,  5.16it/s]
Epoch 2 Train:   2%|▏         | 635/35676 [02:23<1:52:05,  5.21it/s]
Epoch 2 Train:   2%|▏         | 636/35676 [02:23<1:52:54,  5.17it/s]
Epoch 2 Train:   2%|▏         | 637/35676 [02:23<1:44:13,  5.60it/s]
Epoch 2 Train:   2%|▏         | 638/35676 [02:24<1:43:04,  5.67it/s]
Epoch 2 Train:   2%|▏         | 639/35676 [02:24<2:02:08,  4.78it/s]
Epoch 2 Train:   2%|▏         | 640/35676 [02:24<2:00:42,  4.84it/s]
Epoch 2 Train:   2%|▏         | 641/35676 [02:24<1:48:23,  5.39it/s]
Epoch 2 Train:   2%|▏         | 642/35676 [02:24<1:50:16,  5.29it/s]
Epoch 2 Train:   2%|▏         | 643/35676 [02:25<1:51:10,  5.25it/s]
Epoch 2 Train:   2%|▏         | 644/35676 [02:25<1:53:27,  5.15it/s]
Epoch 2 Train:   2%|▏         | 645/35676 [02:25<2:10:22,  4.48it/s]
Epoch 2 Train:   2%|▏         | 646/35676 [02:25<2:05:51,  4.64it/s]
Epoch 2 Train:   2%|▏         | 647/35676 [02:26<2:06:01,  4.63it/s]
Epoch 2 Train:   2%|▏         | 648/35676 [02:26<2:20:13,  4.16it/s]
Epoch 2 Train:   2%|▏         | 649/35676 [02:26<2:19:06,  4.20it/s]
Epoch 2 Train:   2%|▏         | 650/35676 [02:26<2:09:35,  4.50it/s]
Epoch 2 Train:   2%|▏         | 651/35676 [02:27<2:20:56,  4.14it/s]
Epoch 2 Train:   2%|▏         | 652/35676 [02:27<2:25:54,  4.00it/s]
Epoch 2 Train:   2%|▏         | 653/35676 [02:27<2:26:22,  3.99it/s]
Epoch 2 Train:   2%|▏         | 654/35676 [02:27<2:34:39,  3.77it/s]
Epoch 2 Train:   2%|▏         | 655/35676 [02:28<2:39:00,  3.67it/s]
Epoch 2 Train:   2%|▏         | 656/35676 [02:28<2:25:43,  4.01it/s]
Epoch 2 Train:   2%|▏         | 657/35676 [02:28<2:30:57,  3.87it/s]
Epoch 2 Train:   2%|▏         | 658/35676 [02:28<2:03:47,  4.71it/s]
Epoch 2 Train:   2%|▏         | 659/35676 [02:28<2:03:28,  4.73it/s]
Epoch 2 Train:   2%|▏         | 660/35676 [02:29<2:10:50,  4.46it/s]
Epoch 2 Train:   2%|▏         | 661/35676 [02:29<2:02:55,  4.75it/s]
Epoch 2 Train:   2%|▏         | 662/35676 [02:29<1:53:47,  5.13it/s]
Epoch 2 Train:   2%|▏         | 663/35676 [02:29<2:10:06,  4.49it/s]
Epoch 2 Train:   2%|▏         | 664/35676 [02:29<2:03:58,  4.71it/s]
Epoch 2 Train:   2%|▏         | 665/35676 [02:30<1:50:30,  5.28it/s]
Epoch 2 Train:   2%|▏         | 666/35676 [02:30<2:11:45,  4.43it/s]
Epoch 2 Train:   2%|▏         | 667/35676 [02:30<2:04:26,  4.69it/s]
Epoch 2 Train:   2%|▏         | 668/35676 [02:30<2:09:26,  4.51it/s]
Epoch 2 Train:   2%|▏         | 669/35676 [02:31<2:34:26,  3.78it/s]
Epoch 2 Train:   2%|▏         | 670/35676 [02:31<2:35:35,  3.75it/s]
Epoch 2 Train:   2%|▏         | 671/35676 [02:31<2:41:32,  3.61it/s]
Epoch 2 Train:   2%|▏         | 672/35676 [02:32<2:57:12,  3.29it/s]
Epoch 2 Train:   2%|▏         | 673/35676 [02:32<2:47:26,  3.48it/s]
Epoch 2 Train:   2%|▏         | 674/35676 [02:32<2:38:50,  3.67it/s]
Epoch 2 Train:   2%|▏         | 675/35676 [02:32<2:41:22,  3.61it/s]
Epoch 2 Train:   2%|▏         | 676/35676 [02:33<2:26:10,  3.99it/s]
Epoch 2 Train:   2%|▏         | 677/35676 [02:33<2:15:45,  4.30it/s]
Epoch 2 Train:   2%|▏         | 678/35676 [02:33<2:35:16,  3.76it/s]
Epoch 2 Train:   2%|▏         | 679/35676 [02:33<2:23:02,  4.08it/s]
Epoch 2 Train:   2%|▏         | 680/35676 [02:34<2:08:31,  4.54it/s]
Epoch 2 Train:   2%|▏         | 681/35676 [02:34<2:24:56,  4.02it/s]
Epoch 2 Train:   2%|▏         | 682/35676 [02:34<2:15:52,  4.29it/s]
Epoch 2 Train:   2%|▏         | 683/35676 [02:34<2:13:23,  4.37it/s]